[debug] [2021-05-26T12:40:17.968Z] ----------------------------------------------------------------------
[debug] [2021-05-26T12:40:17.970Z] Command:       /Users/Chaya/.nvm/versions/node/v14.3.0/bin/node /Users/Chaya/.nvm/versions/node/v14.3.0/bin/firebase emulators:start --only functions
[debug] [2021-05-26T12:40:17.970Z] CLI Version:   9.10.0
[debug] [2021-05-26T12:40:17.970Z] Platform:      darwin
[debug] [2021-05-26T12:40:17.970Z] Node Version:  v14.3.0
[debug] [2021-05-26T12:40:17.971Z] Time:          Wed May 26 2021 08:40:17 GMT-0400 (Eastern Daylight Time)
[debug] [2021-05-26T12:40:17.972Z] ----------------------------------------------------------------------
[debug] 
[debug] [2021-05-26T12:40:17.979Z] > command requires scopes: ["email","openid","https://www.googleapis.com/auth/cloudplatformprojects.readonly","https://www.googleapis.com/auth/firebase","https://www.googleapis.com/auth/cloud-platform"]
[debug] [2021-05-26T12:40:17.979Z] > authorizing via signed-in user (chayadeaver@gmail.com)
[info] i  emulators: Starting emulators: functions {"metadata":{"emulator":{"name":"hub"},"message":"Starting emulators: functions"}}
[debug] [2021-05-26T12:40:17.996Z] [hub] writing locator at /var/folders/19/_cg8qqws08zfngy4jz7fstnh0000gn/T/hub-ecommerce-site-8dc24.json
[warn] ⚠  functions: The following emulators are not running, calls to these services from the Functions emulator will affect production: auth, firestore, database, hosting, pubsub {"metadata":{"emulator":{"name":"functions"},"message":"The following emulators are not running, calls to these services from the Functions emulator will affect production: \u001b[1mauth, firestore, database, hosting, pubsub\u001b[22m"}}
[warn] ⚠  Your requested "node" version "12" doesn't match your global version "14" {"metadata":{"emulator":{"name":"functions"},"message":"Your requested \"node\" version \"12\" doesn't match your global version \"14\""}}
[debug] [2021-05-26T12:40:18.020Z] defaultcredentials: writing to file /Users/Chaya/.config/firebase/chayadeaver_gmail_com_application_default_credentials.json
[debug] [2021-05-26T12:40:18.024Z] Setting GAC to /Users/Chaya/.config/firebase/chayadeaver_gmail_com_application_default_credentials.json {"metadata":{"emulator":{"name":"functions"},"message":"Setting GAC to /Users/Chaya/.config/firebase/chayadeaver_gmail_com_application_default_credentials.json"}}
[debug] [2021-05-26T12:40:18.026Z] >>> [apiv2][query] GET https://firebase.googleapis.com/v1beta1/projects/ecommerce-site-8dc24/adminSdkConfig [none]
[debug] [2021-05-26T12:40:18.294Z] <<< [apiv2][status] GET https://firebase.googleapis.com/v1beta1/projects/ecommerce-site-8dc24/adminSdkConfig 200
[debug] [2021-05-26T12:40:18.294Z] <<< [apiv2][body] GET https://firebase.googleapis.com/v1beta1/projects/ecommerce-site-8dc24/adminSdkConfig {"projectId":"ecommerce-site-8dc24","storageBucket":"ecommerce-site-8dc24.appspot.com","locationId":"us-central"}
[debug] [2021-05-26T12:40:18.583Z] Ignoring unsupported arg: auto_download {"metadata":{"emulator":{"name":"ui"},"message":"Ignoring unsupported arg: auto_download"}}
[debug] [2021-05-26T12:40:18.583Z] Ignoring unsupported arg: port {"metadata":{"emulator":{"name":"ui"},"message":"Ignoring unsupported arg: port"}}
[debug] [2021-05-26T12:40:18.584Z] Starting Emulator UI with command {"binary":"node","args":["/Users/Chaya/.cache/firebase/emulators/ui-v1.4.2/server.bundle.js"],"optionalArgs":[],"joinArgs":false} {"metadata":{"emulator":{"name":"ui"},"message":"Starting Emulator UI with command {\"binary\":\"node\",\"args\":[\"/Users/Chaya/.cache/firebase/emulators/ui-v1.4.2/server.bundle.js\"],\"optionalArgs\":[],\"joinArgs\":false}"}}
[info] i  ui: Emulator UI logging to ui-debug.log {"metadata":{"emulator":{"name":"ui"},"message":"Emulator UI logging to \u001b[1mui-debug.log\u001b[22m"}}
[debug] [2021-05-26T12:40:18.670Z] Web / API server started at http://localhost:4000
 {"metadata":{"emulator":{"name":"ui"},"message":"Web / API server started at http://localhost:4000\n"}}
[info] i  functions: Watching "/Users/Chaya/react-redux-firebase-ecommerce-app/functions" for Cloud Functions... {"metadata":{"emulator":{"name":"functions"},"message":"Watching \"/Users/Chaya/react-redux-firebase-ecommerce-app/functions\" for Cloud Functions..."}}
[debug] [2021-05-26T12:40:18.863Z] [worker-pool] addWorker(~diagnostic~) {"metadata":{"emulator":{"name":"functions"},"message":"[worker-pool] addWorker(~diagnostic~)"}}
[debug] [2021-05-26T12:40:18.863Z] [worker-pool] Adding worker with key ~diagnostic~, total=1 {"metadata":{"emulator":{"name":"functions"},"message":"[worker-pool] Adding worker with key ~diagnostic~, total=1"}}
[debug] [2021-05-26T12:40:18.863Z] [worker-pool] submitWork(triggerId=) {"metadata":{"emulator":{"name":"functions"},"message":"[worker-pool] submitWork(triggerId=)"}}
[debug] [2021-05-26T12:40:18.864Z] [worker-~diagnostic~-f645e27d-0315-43c2-b402-9e1df2d29937]: Assigning socketPath: /var/folders/19/_cg8qqws08zfngy4jz7fstnh0000gn/T/fire_emu_8591.sock {"metadata":{"emulator":{"name":"functions"},"message":"[worker-~diagnostic~-f645e27d-0315-43c2-b402-9e1df2d29937]: Assigning socketPath: /var/folders/19/_cg8qqws08zfngy4jz7fstnh0000gn/T/fire_emu_8591.sock"}}
[debug] [2021-05-26T12:40:18.864Z] [worker-~diagnostic~-f645e27d-0315-43c2-b402-9e1df2d29937]: BUSY {"metadata":{"emulator":{"name":"functions"},"message":"[worker-~diagnostic~-f645e27d-0315-43c2-b402-9e1df2d29937]: BUSY"}}
[debug] [2021-05-26T12:40:19.029Z] [runtime-status] [8591] Functions runtime initialized. {"cwd":"/Users/Chaya/react-redux-firebase-ecommerce-app/functions","node_version":"14.3.0"} {"metadata":{"emulator":{"name":"functions"},"message":"[runtime-status] [8591] Functions runtime initialized. {\"cwd\":\"/Users/Chaya/react-redux-firebase-ecommerce-app/functions\",\"node_version\":\"14.3.0\"}"}}
[debug] [2021-05-26T12:40:19.030Z] [runtime-status] [8591] Disabled runtime features: undefined {"metadata":{"emulator":{"name":"functions"},"message":"[runtime-status] [8591] Disabled runtime features: undefined"}}
[debug] [2021-05-26T12:40:19.034Z] [runtime-status] [8591] Resolved module firebase-admin {"declared":true,"installed":true,"version":"9.7.0","resolution":"/Users/Chaya/react-redux-firebase-ecommerce-app/functions/node_modules/firebase-admin/lib/index.js"} {"metadata":{"emulator":{"name":"functions"},"message":"[runtime-status] [8591] Resolved module firebase-admin {\"declared\":true,\"installed\":true,\"version\":\"9.7.0\",\"resolution\":\"/Users/Chaya/react-redux-firebase-ecommerce-app/functions/node_modules/firebase-admin/lib/index.js\"}"}}
[debug] [2021-05-26T12:40:19.036Z] [runtime-status] [8591] Resolved module firebase-functions {"declared":true,"installed":true,"version":"3.13.2","resolution":"/Users/Chaya/react-redux-firebase-ecommerce-app/functions/node_modules/firebase-functions/lib/index.js"} {"metadata":{"emulator":{"name":"functions"},"message":"[runtime-status] [8591] Resolved module firebase-functions {\"declared\":true,\"installed\":true,\"version\":\"3.13.2\",\"resolution\":\"/Users/Chaya/react-redux-firebase-ecommerce-app/functions/node_modules/firebase-functions/lib/index.js\"}"}}
[debug] [2021-05-26T12:40:19.038Z] [runtime-status] [8591] Resolved module firebase-functions {"declared":true,"installed":true,"version":"3.13.2","resolution":"/Users/Chaya/react-redux-firebase-ecommerce-app/functions/node_modules/firebase-functions/lib/index.js"} {"metadata":{"emulator":{"name":"functions"},"message":"[runtime-status] [8591] Resolved module firebase-functions {\"declared\":true,\"installed\":true,\"version\":\"3.13.2\",\"resolution\":\"/Users/Chaya/react-redux-firebase-ecommerce-app/functions/node_modules/firebase-functions/lib/index.js\"}"}}
[debug] [2021-05-26T12:40:19.040Z] [runtime-status] [8591] Outgoing network have been stubbed. [{"name":"http","status":"mocked"},{"name":"http","status":"mocked"},{"name":"https","status":"mocked"},{"name":"https","status":"mocked"},{"name":"net","status":"mocked"}] {"metadata":{"emulator":{"name":"functions"},"message":"[runtime-status] [8591] Outgoing network have been stubbed. [{\"name\":\"http\",\"status\":\"mocked\"},{\"name\":\"http\",\"status\":\"mocked\"},{\"name\":\"https\",\"status\":\"mocked\"},{\"name\":\"https\",\"status\":\"mocked\"},{\"name\":\"net\",\"status\":\"mocked\"}]"}}
[debug] [2021-05-26T12:40:19.040Z] [runtime-status] [8591] Resolved module firebase-functions {"declared":true,"installed":true,"version":"3.13.2","resolution":"/Users/Chaya/react-redux-firebase-ecommerce-app/functions/node_modules/firebase-functions/lib/index.js"} {"metadata":{"emulator":{"name":"functions"},"message":"[runtime-status] [8591] Resolved module firebase-functions {\"declared\":true,\"installed\":true,\"version\":\"3.13.2\",\"resolution\":\"/Users/Chaya/react-redux-firebase-ecommerce-app/functions/node_modules/firebase-functions/lib/index.js\"}"}}
[debug] [2021-05-26T12:40:19.104Z] [runtime-status] [8591] Checked functions.config() {"config":{}} {"metadata":{"emulator":{"name":"functions"},"message":"[runtime-status] [8591] Checked functions.config() {\"config\":{}}"}}
[debug] [2021-05-26T12:40:19.104Z] [runtime-status] [8591] firebase-functions has been stubbed. {"functionsResolution":{"declared":true,"installed":true,"version":"3.13.2","resolution":"/Users/Chaya/react-redux-firebase-ecommerce-app/functions/node_modules/firebase-functions/lib/index.js"}} {"metadata":{"emulator":{"name":"functions"},"message":"[runtime-status] [8591] firebase-functions has been stubbed. {\"functionsResolution\":{\"declared\":true,\"installed\":true,\"version\":\"3.13.2\",\"resolution\":\"/Users/Chaya/react-redux-firebase-ecommerce-app/functions/node_modules/firebase-functions/lib/index.js\"}}"}}
[debug] [2021-05-26T12:40:19.104Z] [runtime-status] [8591] Resolved module firebase-functions {"declared":true,"installed":true,"version":"3.13.2","resolution":"/Users/Chaya/react-redux-firebase-ecommerce-app/functions/node_modules/firebase-functions/lib/index.js"} {"metadata":{"emulator":{"name":"functions"},"message":"[runtime-status] [8591] Resolved module firebase-functions {\"declared\":true,\"installed\":true,\"version\":\"3.13.2\",\"resolution\":\"/Users/Chaya/react-redux-firebase-ecommerce-app/functions/node_modules/firebase-functions/lib/index.js\"}"}}
[debug] [2021-05-26T12:40:19.105Z] [runtime-status] [8591] Resolved module firebase-admin {"declared":true,"installed":true,"version":"9.7.0","resolution":"/Users/Chaya/react-redux-firebase-ecommerce-app/functions/node_modules/firebase-admin/lib/index.js"} {"metadata":{"emulator":{"name":"functions"},"message":"[runtime-status] [8591] Resolved module firebase-admin {\"declared\":true,\"installed\":true,\"version\":\"9.7.0\",\"resolution\":\"/Users/Chaya/react-redux-firebase-ecommerce-app/functions/node_modules/firebase-admin/lib/index.js\"}"}}
[debug] [2021-05-26T12:40:19.105Z] [runtime-status] [8591] Resolved module firebase-functions {"declared":true,"installed":true,"version":"3.13.2","resolution":"/Users/Chaya/react-redux-firebase-ecommerce-app/functions/node_modules/firebase-functions/lib/index.js"} {"metadata":{"emulator":{"name":"functions"},"message":"[runtime-status] [8591] Resolved module firebase-functions {\"declared\":true,\"installed\":true,\"version\":\"3.13.2\",\"resolution\":\"/Users/Chaya/react-redux-firebase-ecommerce-app/functions/node_modules/firebase-functions/lib/index.js\"}"}}
[debug] [2021-05-26T12:40:19.105Z] [runtime-status] [8591] firebase-admin has been stubbed. {"adminResolution":{"declared":true,"installed":true,"version":"9.7.0","resolution":"/Users/Chaya/react-redux-firebase-ecommerce-app/functions/node_modules/firebase-admin/lib/index.js"}} {"metadata":{"emulator":{"name":"functions"},"message":"[runtime-status] [8591] firebase-admin has been stubbed. {\"adminResolution\":{\"declared\":true,\"installed\":true,\"version\":\"9.7.0\",\"resolution\":\"/Users/Chaya/react-redux-firebase-ecommerce-app/functions/node_modules/firebase-admin/lib/index.js\"}}"}}
[info] ✔  functions[api]: http function initialized (http://localhost:5001/ecommerce-site-8dc24/us-central1/api). {"metadata":{"emulator":{"name":"functions"},"message":"\u001b[1mhttp\u001b[22m function initialized (http://localhost:5001/ecommerce-site-8dc24/us-central1/api)."}}
[info] 
┌─────────────────────────────────────────────────────────────┐
│ ✔  All emulators ready! It is now safe to connect your app. │
│ i  View Emulator UI at http://localhost:4000                │
└─────────────────────────────────────────────────────────────┘

┌───────────┬────────────────┬─────────────────────────────────┐
│ Emulator  │ Host:Port      │ View in Emulator UI             │
├───────────┼────────────────┼─────────────────────────────────┤
│ Functions │ localhost:5001 │ http://localhost:4000/functions │
└───────────┴────────────────┴─────────────────────────────────┘
  Emulator Hub running at localhost:4400
  Other reserved ports: 4500

Issues? Report them at https://github.com/firebase/firebase-tools/issues and attach the *-debug.log files.
 
[debug] [2021-05-26T12:40:19.283Z] [worker-~diagnostic~-f645e27d-0315-43c2-b402-9e1df2d29937]: IDLE {"metadata":{"emulator":{"name":"functions"},"message":"[worker-~diagnostic~-f645e27d-0315-43c2-b402-9e1df2d29937]: IDLE"}}
